This is pdfTeX, Version 3.1415926-2.5-1.40.14 (MiKTeX 2.9) (preloaded format=pdflatex 2015.5.1)  1 MAY 2015 21:21
entering extended mode
**assign*3-Victor.tex
("Z:\a4\assign 3-Victor.tex"
LaTeX2e <2011/06/27>
Babel <v3.8m> and hyphenation patterns for english, afrikaans, ancientgreek, ar
abic, armenian, assamese, basque, bengali, bokmal, bulgarian, catalan, coptic, 
croatian, czech, danish, dutch, esperanto, estonian, farsi, finnish, french, ga
lician, german, german-x-2013-05-26, greek, gujarati, hindi, hungarian, iceland
ic, indonesian, interlingua, irish, italian, kannada, kurmanji, latin, latvian,
 lithuanian, malayalam, marathi, mongolian, mongolianlmc, monogreek, ngerman, n
german-x-2013-05-26, nynorsk, oriya, panjabi, pinyin, polish, portuguese, roman
ian, russian, sanskrit, serbian, slovak, slovenian, spanish, swedish, swissgerm
an, tamil, telugu, turkish, turkmen, ukenglish, ukrainian, uppersorbian, usengl
ishmax, welsh, loaded.
("C:\Program Files (x86)\MiKTeX 2.9\tex\latex\base\article.cls"
Document Class: article 2007/10/19 v1.4h Standard LaTeX document class
("C:\Program Files (x86)\MiKTeX 2.9\tex\latex\base\size12.clo"
File: size12.clo 2007/10/19 v1.4h Standard LaTeX file (size option)
)
\c@part=\count79
\c@section=\count80
\c@subsection=\count81
\c@subsubsection=\count82
\c@paragraph=\count83
\c@subparagraph=\count84
\c@figure=\count85
\c@table=\count86
\abovecaptionskip=\skip41
\belowcaptionskip=\skip42
\bibindent=\dimen102
)
(C:\Users\TEMP.CS.001\AppData\Roaming\MiKTeX\2.9\tex\latex\natbib\natbib.sty
Package: natbib 2010/09/13 8.31b (PWD, AO)
\bibhang=\skip43
\bibsep=\skip44
LaTeX Info: Redefining \cite on input line 694.
\c@NAT@ctr=\count87
)
("C:\Program Files (x86)\MiKTeX 2.9\tex\latex\hyperref\hyperref.sty"
Package: hyperref 2012/11/06 v6.83m Hypertext links for LaTeX

("C:\Program Files (x86)\MiKTeX 2.9\tex\generic\oberdiek\hobsub-hyperref.sty"
Package: hobsub-hyperref 2012/04/25 v1.12 Bundle oberdiek, subset hyperref (HO)


("C:\Program Files (x86)\MiKTeX 2.9\tex\generic\oberdiek\hobsub-generic.sty"
Package: hobsub-generic 2012/04/25 v1.12 Bundle oberdiek, subset generic (HO)
Package: hobsub 2012/04/25 v1.12 Construct package bundles (HO)
Package: infwarerr 2010/04/08 v1.3 Providing info/warning/error messages (HO)
Package: ltxcmds 2011/11/09 v1.22 LaTeX kernel commands for general use (HO)
Package: ifluatex 2010/03/01 v1.3 Provides the ifluatex switch (HO)
Package ifluatex Info: LuaTeX not detected.
Package: ifvtex 2010/03/01 v1.5 Detect VTeX and its facilities (HO)
Package ifvtex Info: VTeX not detected.
Package: intcalc 2007/09/27 v1.1 Expandable calculations with integers (HO)
Package: ifpdf 2011/01/30 v2.3 Provides the ifpdf switch (HO)
Package ifpdf Info: pdfTeX in PDF mode is detected.
Package: etexcmds 2011/02/16 v1.5 Avoid name clashes with e-TeX commands (HO)
Package etexcmds Info: Could not find \expanded.
(etexcmds)             That can mean that you are not using pdfTeX 1.50 or
(etexcmds)             that some package has redefined \expanded.
(etexcmds)             In the latter case, load this package earlier.
Package: kvsetkeys 2012/04/25 v1.16 Key value parser (HO)
Package: kvdefinekeys 2011/04/07 v1.3 Define keys (HO)
Package: pdftexcmds 2011/11/29 v0.20 Utility functions of pdfTeX for LuaTeX (HO
)
Package pdftexcmds Info: LuaTeX not detected.
Package pdftexcmds Info: \pdf@primitive is available.
Package pdftexcmds Info: \pdf@ifprimitive is available.
Package pdftexcmds Info: \pdfdraftmode found.
Package: pdfescape 2011/11/25 v1.13 Implements pdfTeX's escape features (HO)
Package: bigintcalc 2012/04/08 v1.3 Expandable calculations on big integers (HO
)
Package: bitset 2011/01/30 v1.1 Handle bit-vector datatype (HO)
Package: uniquecounter 2011/01/30 v1.2 Provide unlimited unique counter (HO)
)
Package hobsub Info: Skipping package `hobsub' (already loaded).
Package: letltxmacro 2010/09/02 v1.4 Let assignment for LaTeX macros (HO)
Package: hopatch 2011/06/24 v1.1 Wrapper for package hooks (HO)
Package: xcolor-patch 2011/01/30 xcolor patch
Package: atveryend 2011/06/30 v1.8 Hooks at the very end of document (HO)
Package atveryend Info: \enddocument detected (standard20110627).
Package: atbegshi 2011/10/05 v1.16 At begin shipout hook (HO)
Package: refcount 2011/10/16 v3.4 Data extraction from label references (HO)
Package: hycolor 2011/01/30 v1.7 Color options for hyperref/bookmark (HO)
)
("C:\Program Files (x86)\MiKTeX 2.9\tex\latex\graphics\keyval.sty"
Package: keyval 1999/03/16 v1.13 key=value parser (DPC)
\KV@toks@=\toks14
)
("C:\Program Files (x86)\MiKTeX 2.9\tex\generic\ifxetex\ifxetex.sty"
Package: ifxetex 2010/09/12 v0.6 Provides ifxetex conditional
)
("C:\Program Files (x86)\MiKTeX 2.9\tex\latex\oberdiek\auxhook.sty"
Package: auxhook 2011/03/04 v1.3 Hooks for auxiliary files (HO)
)
("C:\Program Files (x86)\MiKTeX 2.9\tex\latex\oberdiek\kvoptions.sty"
Package: kvoptions 2011/06/30 v3.11 Key value format for package options (HO)
)
\@linkdim=\dimen103
\Hy@linkcounter=\count88
\Hy@pagecounter=\count89

("C:\Program Files (x86)\MiKTeX 2.9\tex\latex\hyperref\pd1enc.def"
File: pd1enc.def 2012/11/06 v6.83m Hyperref: PDFDocEncoding definition (HO)
)
\Hy@SavedSpaceFactor=\count90

("C:\Program Files (x86)\MiKTeX 2.9\tex\latex\00miktex\hyperref.cfg"
File: hyperref.cfg 2002/06/06 v1.2 hyperref configuration of TeXLive
)
Package hyperref Info: Hyper figures OFF on input line 4443.
Package hyperref Info: Link nesting OFF on input line 4448.
Package hyperref Info: Hyper index ON on input line 4451.
Package hyperref Info: Plain pages OFF on input line 4458.
Package hyperref Info: Backreferencing OFF on input line 4463.
Package hyperref Info: Implicit mode ON; LaTeX internals redefined.
Package hyperref Info: Bookmarks ON on input line 4688.
\c@Hy@tempcnt=\count91

(C:\Users\TEMP.CS.001\AppData\Roaming\MiKTeX\2.9\tex\latex\url\url.sty
\Urlmuskip=\muskip10
Package: url 2013/09/16  ver 3.4  Verb mode for urls, etc.
)
LaTeX Info: Redefining \url on input line 5041.
\XeTeXLinkMargin=\dimen104
\Fld@menulength=\count92
\Field@Width=\dimen105
\Fld@charsize=\dimen106
Package hyperref Info: Hyper figures OFF on input line 6295.
Package hyperref Info: Link nesting OFF on input line 6300.
Package hyperref Info: Hyper index ON on input line 6303.
Package hyperref Info: backreferencing OFF on input line 6310.
Package hyperref Info: Link coloring OFF on input line 6315.
Package hyperref Info: Link coloring with OCG OFF on input line 6320.
Package hyperref Info: PDF/A mode OFF on input line 6325.
LaTeX Info: Redefining \ref on input line 6365.
LaTeX Info: Redefining \pageref on input line 6369.
\Hy@abspage=\count93
\c@Item=\count94
\c@Hfootnote=\count95
)

Package hyperref Message: Driver (autodetected): hpdftex.

("C:\Program Files (x86)\MiKTeX 2.9\tex\latex\hyperref\hpdftex.def"
File: hpdftex.def 2012/11/06 v6.83m Hyperref driver for pdfTeX
\Fld@listcount=\count96
\c@bookmark@seq@number=\count97

("C:\Program Files (x86)\MiKTeX 2.9\tex\latex\oberdiek\rerunfilecheck.sty"
Package: rerunfilecheck 2011/04/15 v1.7 Rerun checks for auxiliary files (HO)
Package uniquecounter Info: New unique counter `rerunfilecheck' on input line 2
82.
)
\Hy@SectionHShift=\skip45
)
("C:\Program Files (x86)\MiKTeX 2.9\tex\latex\graphics\graphicx.sty"
Package: graphicx 1999/02/16 v1.0f Enhanced LaTeX Graphics (DPC,SPQR)

("C:\Program Files (x86)\MiKTeX 2.9\tex\latex\graphics\graphics.sty"
Package: graphics 2009/02/05 v1.0o Standard LaTeX Graphics (DPC,SPQR)

("C:\Program Files (x86)\MiKTeX 2.9\tex\latex\graphics\trig.sty"
Package: trig 1999/03/16 v1.09 sin cos tan (DPC)
)
("C:\Program Files (x86)\MiKTeX 2.9\tex\latex\00miktex\graphics.cfg"
File: graphics.cfg 2007/01/18 v1.5 graphics configuration of teTeX/TeXLive
)
Package graphics Info: Driver file: pdftex.def on input line 91.

("C:\Program Files (x86)\MiKTeX 2.9\tex\latex\pdftex-def\pdftex.def"
File: pdftex.def 2011/05/27 v0.06d Graphics/color for pdfTeX
\Gread@gobject=\count98
))
\Gin@req@height=\dimen107
\Gin@req@width=\dimen108
)
("C:\Program Files (x86)\MiKTeX 2.9\tex\latex\geometry\geometry.sty"
Package: geometry 2010/09/12 v5.6 Page Geometry
\Gm@cnth=\count99
\Gm@cntv=\count100
\c@Gm@tempcnt=\count101
\Gm@bindingoffset=\dimen109
\Gm@wd@mp=\dimen110
\Gm@odd@mp=\dimen111
\Gm@even@mp=\dimen112
\Gm@layoutwidth=\dimen113
\Gm@layoutheight=\dimen114
\Gm@layouthoffset=\dimen115
\Gm@layoutvoffset=\dimen116
\Gm@dimlist=\toks15

("C:\Program Files (x86)\MiKTeX 2.9\tex\latex\geometry\geometry.cfg"))

Package geometry Warning: Over-specification in `h'-direction.
    `width' (597.50787pt) is ignored.


Package geometry Warning: Over-specification in `v'-direction.
    `height' (597.50787pt) is ignored.

("Z:\a4\assign 3-Victor.aux")
LaTeX Font Info:    Checking defaults for OML/cmm/m/it on input line 33.
LaTeX Font Info:    ... okay on input line 33.
LaTeX Font Info:    Checking defaults for T1/cmr/m/n on input line 33.
LaTeX Font Info:    ... okay on input line 33.
LaTeX Font Info:    Checking defaults for OT1/cmr/m/n on input line 33.
LaTeX Font Info:    ... okay on input line 33.
LaTeX Font Info:    Checking defaults for OMS/cmsy/m/n on input line 33.
LaTeX Font Info:    ... okay on input line 33.
LaTeX Font Info:    Checking defaults for OMX/cmex/m/n on input line 33.
LaTeX Font Info:    ... okay on input line 33.
LaTeX Font Info:    Checking defaults for U/cmr/m/n on input line 33.
LaTeX Font Info:    ... okay on input line 33.
LaTeX Font Info:    Checking defaults for PD1/pdf/m/n on input line 33.
LaTeX Font Info:    ... okay on input line 33.
\AtBeginShipoutBox=\box26
Package hyperref Info: Link coloring OFF on input line 33.

("C:\Program Files (x86)\MiKTeX 2.9\tex\latex\hyperref\nameref.sty"
Package: nameref 2012/10/27 v2.43 Cross-referencing by name of section

("C:\Program Files (x86)\MiKTeX 2.9\tex\generic\oberdiek\gettitlestring.sty"
Package: gettitlestring 2010/12/03 v1.4 Cleanup title references (HO)
)
\c@section@level=\count102
)
LaTeX Info: Redefining \ref on input line 33.
LaTeX Info: Redefining \pageref on input line 33.
LaTeX Info: Redefining \nameref on input line 33.

("Z:\a4\assign 3-Victor.out") ("Z:\a4\assign 3-Victor.out")
\@outlinefile=\write3

(C:\Users\TEMP.CS.001\AppData\Roaming\MiKTeX\2.9\tex\context\base\supp-pdf.mkii
[Loading MPS to PDF converter (version 2006.09.02).]
\scratchcounter=\count103
\scratchdimen=\dimen117
\scratchbox=\box27
\nofMPsegments=\count104
\nofMParguments=\count105
\everyMPshowfont=\toks16
\MPscratchCnt=\count106
\MPscratchDim=\dimen118
\MPnumerator=\count107
\makeMPintoPDFobject=\count108
\everyMPtoPDFconversion=\toks17
)
*geometry* driver: auto-detecting
*geometry* detected driver: pdftex
*geometry* verbose mode - [ preamble ] result:
* driver: pdftex
* paper: a4paper
* layout: <same size as paper>
* layoutoffset:(h,v)=(0.0pt,0.0pt)
* modes: 
* h-part:(L,W,R)=(56.9055pt, 483.69687pt, 56.9055pt)
* v-part:(T,H,B)=(56.9055pt, 731.23584pt, 56.9055pt)
* \paperwidth=597.50787pt
* \paperheight=845.04684pt
* \textwidth=483.69687pt
* \textheight=731.23584pt
* \oddsidemargin=-15.36449pt
* \evensidemargin=-15.36449pt
* \topmargin=-52.36449pt
* \headheight=12.0pt
* \headsep=25.0pt
* \topskip=12.0pt
* \footskip=30.0pt
* \marginparwidth=44.0pt
* \marginparsep=10.0pt
* \columnsep=10.0pt
* \skip\footins=10.8pt plus 4.0pt minus 2.0pt
* \hoffset=0.0pt
* \voffset=0.0pt
* \mag=1000
* \@twocolumnfalse
* \@twosidefalse
* \@mparswitchfalse
* \@reversemarginfalse
* (1in=72.27pt=25.4mm, 1cm=28.453pt)


Overfull \hbox (9.56746pt too wide) in paragraph at lines 46--50
[]\OT1/cmr/m/n/12 Ex 1) http://www.thedailybeast.com/articles/2015/02/11/gates-
foundation-ceo-vaccines-are-
 []


Overfull \hbox (11.85216pt too wide) in paragraph at lines 51--53
[]\OT1/cmr/m/n/12 Ex 2) http://www.aljazeera.com/news/2015/02/students-murdered
-university-north-carolina-
 []

LaTeX Font Info:    External font `cmex10' loaded for size
(Font)              <12> on input line 54.
LaTeX Font Info:    External font `cmex10' loaded for size
(Font)              <8> on input line 54.
LaTeX Font Info:    External font `cmex10' loaded for size
(Font)              <6> on input line 54.

Overfull \hbox (7.64691pt too wide) in paragraph at lines 54--56
$\OT1/cmtt/m/n/12 ns _ source = PublicRSS20-[]sa ? utm _ source = twitterfeed &
 utm _ medium = twitter$[] \OT1/cmr/m/n/12 The jac-card dis-
 []


Overfull \hbox (55.0656pt too wide) in paragraph at lines 85--87
[]\OT1/cmr/m/n/12 Ex of such a me-mento: "uri":"//wayback.archive-it.org/all/20
111208020033/http://www.radford.edu/ 
 []

<cdf-uni.png, id=16, 416.30531pt x 415.5525pt>
File: cdf-uni.png Graphic file (type png)
 <use cdf-uni.png>
Package pdftex.def Info: cdf-uni.png used on input line 89.
(pdftex.def)             Requested size: 241.84843pt x 241.41374pt.

<cdf-bi.png, id=17, 416.30531pt x 415.5525pt>
File: cdf-bi.png Graphic file (type png)
 <use cdf-bi.png>
Package pdftex.def Info: cdf-bi.png used on input line 90.
(pdftex.def)             Requested size: 241.84843pt x 241.41374pt.

<cdf-tri.png, id=18, 416.30531pt x 415.5525pt>
File: cdf-tri.png Graphic file (type png)
 <use cdf-tri.png>
Package pdftex.def Info: cdf-tri.png used on input line 91.
(pdftex.def)             Requested size: 241.84843pt x 241.41374pt.

Overfull \hbox (2.61108pt too wide) in paragraph at lines 89--92
[][] []
 []

<cdf-q2.png, id=19, 416.30531pt x 415.5525pt>
File: cdf-q2.png Graphic file (type png)
 <use cdf-q2.png>
Package pdftex.def Info: cdf-q2.png used on input line 96.
(pdftex.def)             Requested size: 386.95897pt x 386.27594pt.
 [1

{C:/Users/TEMP.CS.001/AppData/Local/MiKTeX/2.9/pdftex/config/pdftex.map}] [2 <Z
:/a4/cdf-uni.png> <Z:/a4/cdf-bi.png> <Z:/a4/cdf-tri.png>] [3 <Z:/a4/cdf-q2.png>
]
Overfull \hbox (3.26198pt too wide) in paragraph at lines 153--157
[]\OT1/cmr/m/n/12 URL: http://web.archive.org/web/19970711013713/http://www.reg
ent.edu/ Server: wwwb-
 []

<cnn-graph.png, id=41, 416.30531pt x 415.5525pt>
File: cnn-graph.png Graphic file (type png)
 <use cnn-graph.png>
Package pdftex.def Info: cnn-graph.png used on input line 163.
(pdftex.def)             Requested size: 216.81pt x 216.41826pt.

<cnu-graph.png, id=42, 416.30531pt x 415.5525pt>
File: cnu-graph.png Graphic file (type png)
 <use cnu-graph.png>
Package pdftex.def Info: cnu-graph.png used on input line 164.
(pdftex.def)             Requested size: 216.81pt x 216.41826pt.

<cs-odu.png, id=43, 416.30531pt x 415.5525pt>
File: cs-odu.png Graphic file (type png)
 <use cs-odu.png>
Package pdftex.def Info: cs-odu.png used on input line 165.
(pdftex.def)             Requested size: 216.81pt x 216.41826pt.

<ecpi-graph.png, id=44, 416.30531pt x 415.5525pt>
File: ecpi-graph.png Graphic file (type png)
 <use ecpi-graph.png>
Package pdftex.def Info: ecpi-graph.png used on input line 166.
(pdftex.def)             Requested size: 216.81pt x 216.41826pt.

Underfull \hbox (badness 10000) in paragraph at lines 163--167
[][] []
 []

<emu-graph.png, id=45, 416.30531pt x 415.5525pt>
File: emu-graph.png Graphic file (type png)
 <use emu-graph.png>
Package pdftex.def Info: emu-graph.png used on input line 171.
(pdftex.def)             Requested size: 216.81pt x 216.41826pt.

<gmu-graph.png, id=46, 416.30531pt x 415.5525pt>
File: gmu-graph.png Graphic file (type png)
 <use gmu-graph.png>
Package pdftex.def Info: gmu-graph.png used on input line 172.
(pdftex.def)             Requested size: 216.81pt x 216.41826pt.

<hampton-graph.png, id=47, 416.30531pt x 415.5525pt>
File: hampton-graph.png Graphic file (type png)
 <use hampton-graph.png>
Package pdftex.def Info: hampton-graph.png used on input line 173.
(pdftex.def)             Requested size: 216.81pt x 216.41826pt.

<hollins-graph.png, id=48, 416.30531pt x 415.5525pt>
File: hollins-graph.png Graphic file (type png)
 <use hollins-graph.png>
Package pdftex.def Info: hollins-graph.png used on input line 174.
(pdftex.def)             Requested size: 216.81pt x 216.41826pt.

Underfull \hbox (badness 10000) in paragraph at lines 171--175
[][] []
 []

<hsc-graph.png, id=49, 416.30531pt x 415.5525pt>
File: hsc-graph.png Graphic file (type png)
 <use hsc-graph.png>
Package pdftex.def Info: hsc-graph.png used on input line 179.
(pdftex.def)             Requested size: 216.81pt x 216.41826pt.

<liberty-graph.png, id=50, 416.30531pt x 415.5525pt>
File: liberty-graph.png Graphic file (type png)
 <use liberty-graph.png>
Package pdftex.def Info: liberty-graph.png used on input line 180.
(pdftex.def)             Requested size: 216.81pt x 216.41826pt.

<long-graph.png, id=51, 416.30531pt x 415.5525pt>
File: long-graph.png Graphic file (type png)
 <use long-graph.png>
Package pdftex.def Info: long-graph.png used on input line 181.
(pdftex.def)             Requested size: 216.81pt x 216.41826pt.

<mary-graph.png, id=52, 416.30531pt x 415.5525pt>
File: mary-graph.png Graphic file (type png)
 <use mary-graph.png>
Package pdftex.def Info: mary-graph.png used on input line 182.
(pdftex.def)             Requested size: 216.81pt x 216.41826pt.

Underfull \hbox (badness 10000) in paragraph at lines 179--183
[][] []
 []

<nsu-graph.png, id=53, 416.30531pt x 415.5525pt>
File: nsu-graph.png Graphic file (type png)
 <use nsu-graph.png>
Package pdftex.def Info: nsu-graph.png used on input line 187.
(pdftex.def)             Requested size: 216.81pt x 216.41826pt.

<odu-graph.png, id=54, 416.30531pt x 415.5525pt>
File: odu-graph.png Graphic file (type png)
 <use odu-graph.png>
Package pdftex.def Info: odu-graph.png used on input line 188.
(pdftex.def)             Requested size: 216.81pt x 216.41826pt.

<rad-graph.png, id=55, 416.30531pt x 415.5525pt>
File: rad-graph.png Graphic file (type png)
 <use rad-graph.png>
Package pdftex.def Info: rad-graph.png used on input line 189.
(pdftex.def)             Requested size: 216.81pt x 216.41826pt.

<strat-graph.png, id=56, 416.30531pt x 415.5525pt>
File: strat-graph.png Graphic file (type png)
 <use strat-graph.png>
Package pdftex.def Info: strat-graph.png used on input line 190.
(pdftex.def)             Requested size: 216.81pt x 216.41826pt.

Underfull \hbox (badness 10000) in paragraph at lines 187--191
[][] []
 []

<su-graph.png, id=57, 416.30531pt x 415.5525pt>
File: su-graph.png Graphic file (type png)
 <use su-graph.png>
Package pdftex.def Info: su-graph.png used on input line 195.
(pdftex.def)             Requested size: 216.81pt x 216.41826pt.

<vcu-graph.png, id=58, 416.30531pt x 415.5525pt>
File: vcu-graph.png Graphic file (type png)
 <use vcu-graph.png>
Package pdftex.def Info: vcu-graph.png used on input line 196.
(pdftex.def)             Requested size: 216.81pt x 216.41826pt.

<vuu-graph.png, id=59, 416.30531pt x 415.5525pt>
File: vuu-graph.png Graphic file (type png)
 <use vuu-graph.png>
Package pdftex.def Info: vuu-graph.png used on input line 197.
(pdftex.def)             Requested size: 216.81pt x 216.41826pt.

Underfull \hbox (badness 10000) in paragraph at lines 195--198
[][] []
 []

("Z:\a4\assign 3-Victor.bbl"
Overfull \hbox (46.23267pt too wide) in paragraph at lines 4--8
[]\OT1/cmr/m/n/12 'Intersection be-tween two files'.  \OT1/cmr/m/it/12 http://w
ww.commandlinefu.com/commands/view/5710/intersection-
 []

)
Package atveryend Info: Empty hook `BeforeClearDocument' on input line 216.
 [4] [5 <Z:/a4/cnn-graph.png> <Z:/a4/cnu-graph.png> <Z:/a4/cs-odu.png> <Z:/a4/e
cpi-graph.png>] [6 <Z:/a4/emu-graph.png> <Z:/a4/gmu-graph.png> <Z:/a4/hampton-g
raph.png> <Z:/a4/hollins-graph.png>] [7 <Z:/a4/hsc-graph.png> <Z:/a4/liberty-gr
aph.png> <Z:/a4/long-graph.png> <Z:/a4/mary-graph.png>] [8 <Z:/a4/nsu-graph.png
> <Z:/a4/odu-graph.png> <Z:/a4/rad-graph.png> <Z:/a4/strat-graph.png>]
[9 <Z:/a4/su-graph.png> <Z:/a4/vcu-graph.png> <Z:/a4/vuu-graph.png>]
Package atveryend Info: Empty hook `AfterLastShipout' on input line 216.

("Z:\a4\assign 3-Victor.aux")
Package atveryend Info: Executing hook `AtVeryEndDocument' on input line 216.
Package atveryend Info: Executing hook `AtEndAfterFileList' on input line 216.
Package rerunfilecheck Info: File `assign*3-Victor.out' has not changed.
(rerunfilecheck)             Checksum: <no file>.
Package atveryend Info: Empty hook `AtVeryVeryEnd' on input line 216.
 ) 
Here is how much of TeX's memory you used:
 5841 strings out of 493921
 85673 string characters out of 3144859
 172174 words of memory out of 3000000
 9077 multiletter control sequences out of 15000+200000
 7498 words of font info for 27 fonts, out of 3000000 for 9000
 841 hyphenation exceptions out of 8191
 29i,5n,28p,807b,323s stack positions out of 5000i,500n,10000p,200000b,50000s
<C:/Program Files (x86)/MiKTeX 2.9/fonts/type1/public/amsfonts/cm/cmbx12.pfb>
<C:/Program Files (x86)/MiKTeX 2.9/fonts/type1/public/amsfonts/cm/cmr12.pfb><C:
/Program Files (x86)/MiKTeX 2.9/fonts/type1/public/amsfonts/cm/cmti12.pfb><C:/P
rogram Files (x86)/MiKTeX 2.9/fonts/type1/public/amsfonts/cm/cmtt12.pfb>
Output written on "assign 3-Victor.pdf" (9 pages, 167914 bytes).
PDF statistics:
 115 PDF objects out of 1000 (max. 8388607)
 23 named destinations out of 1000 (max. 500000)
 140 words of extra memory for PDF output out of 10000 (max. 10000000)

